{"/mnt/Windows-SSD/Users/yvavi/yeet/coding/devops/devops-taskboard/chat-service/src/index.js": {"path":"/mnt/Windows-SSD/Users/yvavi/yeet/coding/devops/devops-taskboard/chat-service/src/index.js","statementMap":{"0":{"start":{"line":1,"column":16},"end":{"line":1,"column":34}},"1":{"start":{"line":2,"column":13},"end":{"line":2,"column":28}},"2":{"start":{"line":3,"column":17},"end":{"line":3,"column":36}},"3":{"start":{"line":4,"column":13},"end":{"line":4,"column":28}},"4":{"start":{"line":5,"column":19},"end":{"line":5,"column":39}},"5":{"start":{"line":6,"column":16},"end":{"line":6,"column":43}},"6":{"start":{"line":8,"column":12},"end":{"line":8,"column":21}},"7":{"start":{"line":9,"column":0},"end":{"line":9,"column":24}},"8":{"start":{"line":10,"column":0},"end":{"line":10,"column":16}},"9":{"start":{"line":12,"column":15},"end":{"line":12,"column":37}},"10":{"start":{"line":13,"column":11},"end":{"line":18,"column":2}},"11":{"start":{"line":20,"column":17},"end":{"line":25,"column":1}},"12":{"start":{"line":21,"column":17},"end":{"line":21,"column":41}},"13":{"start":{"line":22,"column":2},"end":{"line":22,"column":70}},"14":{"start":{"line":22,"column":15},"end":{"line":22,"column":70}},"15":{"start":{"line":23,"column":2},"end":{"line":23,"column":22}},"16":{"start":{"line":24,"column":2},"end":{"line":24,"column":9}},"17":{"start":{"line":28,"column":0},"end":{"line":35,"column":3}},"18":{"start":{"line":29,"column":2},"end":{"line":34,"column":3}},"19":{"start":{"line":30,"column":21},"end":{"line":30,"column":93}},"20":{"start":{"line":31,"column":4},"end":{"line":31,"column":23}},"21":{"start":{"line":33,"column":4},"end":{"line":33,"column":61}},"22":{"start":{"line":37,"column":0},"end":{"line":37,"column":73}},"23":{"start":{"line":37,"column":33},"end":{"line":37,"column":71}},"24":{"start":{"line":40,"column":0},"end":{"line":66,"column":3}},"25":{"start":{"line":41,"column":2},"end":{"line":41,"column":46}},"26":{"start":{"line":44,"column":2},"end":{"line":47,"column":5}},"27":{"start":{"line":45,"column":4},"end":{"line":45,"column":24}},"28":{"start":{"line":46,"column":4},"end":{"line":46,"column":74}},"29":{"start":{"line":50,"column":2},"end":{"line":61,"column":5}},"30":{"start":{"line":51,"column":4},"end":{"line":60,"column":5}},"31":{"start":{"line":52,"column":41},"end":{"line":52,"column":45}},"32":{"start":{"line":53,"column":22},"end":{"line":53,"column":61}},"33":{"start":{"line":54,"column":6},"end":{"line":54,"column":27}},"34":{"start":{"line":57,"column":6},"end":{"line":57,"column":53}},"35":{"start":{"line":59,"column":6},"end":{"line":59,"column":52}},"36":{"start":{"line":63,"column":2},"end":{"line":65,"column":5}},"37":{"start":{"line":64,"column":4},"end":{"line":64,"column":51}},"38":{"start":{"line":68,"column":0},"end":{"line":76,"column":1}},"39":{"start":{"line":69,"column":20},"end":{"line":69,"column":79}},"40":{"start":{"line":70,"column":2},"end":{"line":72,"column":67}},"41":{"start":{"line":71,"column":16},"end":{"line":71,"column":64}},"42":{"start":{"line":72,"column":18},"end":{"line":72,"column":65}},"43":{"start":{"line":74,"column":15},"end":{"line":74,"column":39}},"44":{"start":{"line":75,"column":2},"end":{"line":75,"column":81}},"45":{"start":{"line":75,"column":28},"end":{"line":75,"column":79}},"46":{"start":{"line":79,"column":0},"end":{"line":79,"column":33}}},"fnMap":{"0":{"name":"(anonymous_0)","decl":{"start":{"line":20,"column":17},"end":{"line":20,"column":18}},"loc":{"start":{"line":20,"column":37},"end":{"line":25,"column":1}},"line":20},"1":{"name":"(anonymous_1)","decl":{"start":{"line":28,"column":39},"end":{"line":28,"column":40}},"loc":{"start":{"line":28,"column":59},"end":{"line":35,"column":1}},"line":28},"2":{"name":"(anonymous_2)","decl":{"start":{"line":37,"column":19},"end":{"line":37,"column":20}},"loc":{"start":{"line":37,"column":33},"end":{"line":37,"column":71}},"line":37},"3":{"name":"(anonymous_3)","decl":{"start":{"line":40,"column":20},"end":{"line":40,"column":21}},"loc":{"start":{"line":40,"column":32},"end":{"line":66,"column":1}},"line":40},"4":{"name":"(anonymous_4)","decl":{"start":{"line":44,"column":25},"end":{"line":44,"column":26}},"loc":{"start":{"line":44,"column":37},"end":{"line":47,"column":3}},"line":44},"5":{"name":"(anonymous_5)","decl":{"start":{"line":50,"column":28},"end":{"line":50,"column":29}},"loc":{"start":{"line":50,"column":44},"end":{"line":61,"column":3}},"line":50},"6":{"name":"(anonymous_6)","decl":{"start":{"line":63,"column":26},"end":{"line":63,"column":27}},"loc":{"start":{"line":63,"column":32},"end":{"line":65,"column":3}},"line":63},"7":{"name":"(anonymous_7)","decl":{"start":{"line":71,"column":10},"end":{"line":71,"column":11}},"loc":{"start":{"line":71,"column":16},"end":{"line":71,"column":64}},"line":71},"8":{"name":"(anonymous_8)","decl":{"start":{"line":72,"column":11},"end":{"line":72,"column":12}},"loc":{"start":{"line":72,"column":18},"end":{"line":72,"column":65}},"line":72},"9":{"name":"(anonymous_9)","decl":{"start":{"line":75,"column":22},"end":{"line":75,"column":23}},"loc":{"start":{"line":75,"column":28},"end":{"line":75,"column":79}},"line":75}},"branchMap":{"0":{"loc":{"start":{"line":22,"column":2},"end":{"line":22,"column":70}},"type":"if","locations":[{"start":{"line":22,"column":2},"end":{"line":22,"column":70}},{"start":{},"end":{}}],"line":22},"1":{"loc":{"start":{"line":68,"column":0},"end":{"line":76,"column":1}},"type":"if","locations":[{"start":{"line":68,"column":0},"end":{"line":76,"column":1}},{"start":{},"end":{}}],"line":68},"2":{"loc":{"start":{"line":69,"column":20},"end":{"line":69,"column":79}},"type":"binary-expr","locations":[{"start":{"line":69,"column":20},"end":{"line":69,"column":41}},{"start":{"line":69,"column":45},"end":{"line":69,"column":79}}],"line":69},"3":{"loc":{"start":{"line":74,"column":15},"end":{"line":74,"column":39}},"type":"binary-expr","locations":[{"start":{"line":74,"column":15},"end":{"line":74,"column":31}},{"start":{"line":74,"column":35},"end":{"line":74,"column":39}}],"line":74}},"s":{"0":1,"1":1,"2":1,"3":1,"4":1,"5":1,"6":1,"7":1,"8":1,"9":1,"10":1,"11":1,"12":4,"13":4,"14":1,"15":3,"16":3,"17":1,"18":3,"19":3,"20":2,"21":1,"22":1,"23":1,"24":1,"25":0,"26":0,"27":0,"28":0,"29":0,"30":0,"31":0,"32":0,"33":0,"34":0,"35":0,"36":0,"37":0,"38":1,"39":0,"40":0,"41":0,"42":0,"43":0,"44":0,"45":0,"46":1},"f":{"0":4,"1":3,"2":1,"3":0,"4":0,"5":0,"6":0,"7":0,"8":0,"9":0},"b":{"0":[1,3],"1":[0,1],"2":[0,0],"3":[0,0]},"_coverageSchema":"1a1c01bbd47fc00a2c39e90264f33305004495a9","hash":"c8fa2e0dcb47ab1123dc19069c56b9df1d7f86d7"}
,"/mnt/Windows-SSD/Users/yvavi/yeet/coding/devops/devops-taskboard/chat-service/src/models/Message.js": {"path":"/mnt/Windows-SSD/Users/yvavi/yeet/coding/devops/devops-taskboard/chat-service/src/models/Message.js","statementMap":{"0":{"start":{"line":1,"column":17},"end":{"line":1,"column":36}},"1":{"start":{"line":3,"column":22},"end":{"line":7,"column":24}},"2":{"start":{"line":9,"column":0},"end":{"line":9,"column":58}}},"fnMap":{},"branchMap":{},"s":{"0":1,"1":1,"2":1},"f":{},"b":{},"_coverageSchema":"1a1c01bbd47fc00a2c39e90264f33305004495a9","hash":"81a526cd7b7a70787d467240f1423a414835aabe"}
}
