{"/mnt/Windows-SSD/Users/yvavi/yeet/coding/devops/devops-taskboard/task-service/src/index.js": {"path":"/mnt/Windows-SSD/Users/yvavi/yeet/coding/devops/devops-taskboard/task-service/src/index.js","statementMap":{"0":{"start":{"line":1,"column":16},"end":{"line":1,"column":34}},"1":{"start":{"line":2,"column":17},"end":{"line":2,"column":36}},"2":{"start":{"line":3,"column":13},"end":{"line":3,"column":28}},"3":{"start":{"line":4,"column":13},"end":{"line":4,"column":37}},"4":{"start":{"line":6,"column":12},"end":{"line":6,"column":21}},"5":{"start":{"line":7,"column":0},"end":{"line":7,"column":24}},"6":{"start":{"line":8,"column":0},"end":{"line":8,"column":16}},"7":{"start":{"line":10,"column":17},"end":{"line":17,"column":1}},"8":{"start":{"line":11,"column":17},"end":{"line":11,"column":41}},"9":{"start":{"line":12,"column":19},"end":{"line":12,"column":44}},"10":{"start":{"line":13,"column":2},"end":{"line":13,"column":70}},"11":{"start":{"line":13,"column":15},"end":{"line":13,"column":70}},"12":{"start":{"line":14,"column":2},"end":{"line":14,"column":22}},"13":{"start":{"line":15,"column":2},"end":{"line":15,"column":39}},"14":{"start":{"line":16,"column":2},"end":{"line":16,"column":9}},"15":{"start":{"line":19,"column":0},"end":{"line":40,"column":3}},"16":{"start":{"line":20,"column":2},"end":{"line":39,"column":3}},"17":{"start":{"line":21,"column":88},"end":{"line":21,"column":96}},"18":{"start":{"line":22,"column":4},"end":{"line":22,"column":76}},"19":{"start":{"line":22,"column":16},"end":{"line":22,"column":76}},"20":{"start":{"line":24,"column":17},"end":{"line":33,"column":6}},"21":{"start":{"line":35,"column":4},"end":{"line":35,"column":22}},"22":{"start":{"line":36,"column":4},"end":{"line":36,"column":31}},"23":{"start":{"line":38,"column":4},"end":{"line":38,"column":61}},"24":{"start":{"line":42,"column":0},"end":{"line":55,"column":3}},"25":{"start":{"line":43,"column":2},"end":{"line":54,"column":3}},"26":{"start":{"line":45,"column":18},"end":{"line":50,"column":6}},"27":{"start":{"line":51,"column":4},"end":{"line":51,"column":20}},"28":{"start":{"line":53,"column":4},"end":{"line":53,"column":61}},"29":{"start":{"line":58,"column":19},"end":{"line":58,"column":62}},"30":{"start":{"line":59,"column":2},"end":{"line":63,"column":3}},"31":{"start":{"line":60,"column":4},"end":{"line":60,"column":31}},"32":{"start":{"line":61,"column":4},"end":{"line":61,"column":23}},"33":{"start":{"line":62,"column":4},"end":{"line":62,"column":38}},"34":{"start":{"line":66,"column":0},"end":{"line":89,"column":3}},"35":{"start":{"line":67,"column":2},"end":{"line":88,"column":3}},"36":{"start":{"line":68,"column":51},"end":{"line":68,"column":59}},"37":{"start":{"line":71,"column":20},"end":{"line":71,"column":22}},"38":{"start":{"line":72,"column":4},"end":{"line":72,"column":54}},"39":{"start":{"line":72,"column":30},"end":{"line":72,"column":54}},"40":{"start":{"line":73,"column":4},"end":{"line":73,"column":51}},"41":{"start":{"line":73,"column":29},"end":{"line":73,"column":51}},"42":{"start":{"line":74,"column":4},"end":{"line":74,"column":60}},"43":{"start":{"line":74,"column":32},"end":{"line":74,"column":60}},"44":{"start":{"line":75,"column":4},"end":{"line":75,"column":63}},"45":{"start":{"line":75,"column":33},"end":{"line":75,"column":63}},"46":{"start":{"line":77,"column":17},"end":{"line":77,"column":84}},"47":{"start":{"line":78,"column":4},"end":{"line":78,"column":72}},"48":{"start":{"line":78,"column":15},"end":{"line":78,"column":72}},"49":{"start":{"line":81,"column":4},"end":{"line":83,"column":5}},"50":{"start":{"line":82,"column":6},"end":{"line":82,"column":39}},"51":{"start":{"line":85,"column":4},"end":{"line":85,"column":19}},"52":{"start":{"line":87,"column":4},"end":{"line":87,"column":61}},"53":{"start":{"line":92,"column":19},"end":{"line":92,"column":62}},"54":{"start":{"line":93,"column":2},"end":{"line":96,"column":3}},"55":{"start":{"line":94,"column":4},"end":{"line":94,"column":36}},"56":{"start":{"line":95,"column":4},"end":{"line":95,"column":44}},"57":{"start":{"line":99,"column":0},"end":{"line":110,"column":3}},"58":{"start":{"line":100,"column":2},"end":{"line":109,"column":3}},"59":{"start":{"line":101,"column":17},"end":{"line":101,"column":60}},"60":{"start":{"line":102,"column":4},"end":{"line":102,"column":72}},"61":{"start":{"line":102,"column":15},"end":{"line":102,"column":72}},"62":{"start":{"line":104,"column":4},"end":{"line":104,"column":35}},"63":{"start":{"line":106,"column":4},"end":{"line":106,"column":55}},"64":{"start":{"line":108,"column":4},"end":{"line":108,"column":61}},"65":{"start":{"line":112,"column":0},"end":{"line":126,"column":3}},"66":{"start":{"line":113,"column":2},"end":{"line":125,"column":3}},"67":{"start":{"line":114,"column":21},"end":{"line":114,"column":29}},"68":{"start":{"line":115,"column":4},"end":{"line":115,"column":82}},"69":{"start":{"line":115,"column":15},"end":{"line":115,"column":82}},"70":{"start":{"line":117,"column":17},"end":{"line":117,"column":51}},"71":{"start":{"line":118,"column":4},"end":{"line":118,"column":72}},"72":{"start":{"line":118,"column":15},"end":{"line":118,"column":72}},"73":{"start":{"line":120,"column":4},"end":{"line":120,"column":58}},"74":{"start":{"line":121,"column":4},"end":{"line":121,"column":22}},"75":{"start":{"line":122,"column":4},"end":{"line":122,"column":31}},"76":{"start":{"line":124,"column":4},"end":{"line":124,"column":61}},"77":{"start":{"line":128,"column":0},"end":{"line":143,"column":3}},"78":{"start":{"line":129,"column":2},"end":{"line":142,"column":3}},"79":{"start":{"line":130,"column":28},"end":{"line":130,"column":36}},"80":{"start":{"line":131,"column":17},"end":{"line":131,"column":51}},"81":{"start":{"line":132,"column":4},"end":{"line":132,"column":72}},"82":{"start":{"line":132,"column":15},"end":{"line":132,"column":72}},"83":{"start":{"line":134,"column":20},"end":{"line":134,"column":58}},"84":{"start":{"line":135,"column":4},"end":{"line":135,"column":78}},"85":{"start":{"line":135,"column":18},"end":{"line":135,"column":78}},"86":{"start":{"line":137,"column":4},"end":{"line":137,"column":38}},"87":{"start":{"line":138,"column":4},"end":{"line":138,"column":22}},"88":{"start":{"line":139,"column":4},"end":{"line":139,"column":19}},"89":{"start":{"line":141,"column":4},"end":{"line":141,"column":61}},"90":{"start":{"line":145,"column":0},"end":{"line":145,"column":73}},"91":{"start":{"line":145,"column":33},"end":{"line":145,"column":71}},"92":{"start":{"line":147,"column":0},"end":{"line":155,"column":1}},"93":{"start":{"line":148,"column":20},"end":{"line":148,"column":79}},"94":{"start":{"line":149,"column":2},"end":{"line":151,"column":67}},"95":{"start":{"line":150,"column":16},"end":{"line":150,"column":64}},"96":{"start":{"line":151,"column":18},"end":{"line":151,"column":65}},"97":{"start":{"line":153,"column":15},"end":{"line":153,"column":39}},"98":{"start":{"line":154,"column":2},"end":{"line":154,"column":78}},"99":{"start":{"line":154,"column":25},"end":{"line":154,"column":76}},"100":{"start":{"line":157,"column":0},"end":{"line":157,"column":21}}},"fnMap":{"0":{"name":"(anonymous_0)","decl":{"start":{"line":10,"column":17},"end":{"line":10,"column":18}},"loc":{"start":{"line":10,"column":37},"end":{"line":17,"column":1}},"line":10},"1":{"name":"(anonymous_1)","decl":{"start":{"line":19,"column":29},"end":{"line":19,"column":30}},"loc":{"start":{"line":19,"column":49},"end":{"line":40,"column":1}},"line":19},"2":{"name":"(anonymous_2)","decl":{"start":{"line":42,"column":28},"end":{"line":42,"column":29}},"loc":{"start":{"line":42,"column":48},"end":{"line":55,"column":1}},"line":42},"3":{"name":"completeChildren","decl":{"start":{"line":57,"column":15},"end":{"line":57,"column":31}},"loc":{"start":{"line":57,"column":42},"end":{"line":64,"column":1}},"line":57},"4":{"name":"(anonymous_4)","decl":{"start":{"line":66,"column":32},"end":{"line":66,"column":33}},"loc":{"start":{"line":66,"column":52},"end":{"line":89,"column":1}},"line":66},"5":{"name":"deleteChildren","decl":{"start":{"line":91,"column":15},"end":{"line":91,"column":29}},"loc":{"start":{"line":91,"column":40},"end":{"line":97,"column":1}},"line":91},"6":{"name":"(anonymous_6)","decl":{"start":{"line":99,"column":35},"end":{"line":99,"column":36}},"loc":{"start":{"line":99,"column":55},"end":{"line":110,"column":1}},"line":99},"7":{"name":"(anonymous_7)","decl":{"start":{"line":112,"column":42},"end":{"line":112,"column":43}},"loc":{"start":{"line":112,"column":62},"end":{"line":126,"column":1}},"line":112},"8":{"name":"(anonymous_8)","decl":{"start":{"line":128,"column":52},"end":{"line":128,"column":53}},"loc":{"start":{"line":128,"column":72},"end":{"line":143,"column":1}},"line":128},"9":{"name":"(anonymous_9)","decl":{"start":{"line":145,"column":19},"end":{"line":145,"column":20}},"loc":{"start":{"line":145,"column":33},"end":{"line":145,"column":71}},"line":145},"10":{"name":"(anonymous_10)","decl":{"start":{"line":150,"column":10},"end":{"line":150,"column":11}},"loc":{"start":{"line":150,"column":16},"end":{"line":150,"column":64}},"line":150},"11":{"name":"(anonymous_11)","decl":{"start":{"line":151,"column":11},"end":{"line":151,"column":12}},"loc":{"start":{"line":151,"column":18},"end":{"line":151,"column":65}},"line":151},"12":{"name":"(anonymous_12)","decl":{"start":{"line":154,"column":19},"end":{"line":154,"column":20}},"loc":{"start":{"line":154,"column":25},"end":{"line":154,"column":76}},"line":154}},"branchMap":{"0":{"loc":{"start":{"line":13,"column":2},"end":{"line":13,"column":70}},"type":"if","locations":[{"start":{"line":13,"column":2},"end":{"line":13,"column":70}},{"start":{},"end":{}}],"line":13},"1":{"loc":{"start":{"line":15,"column":17},"end":{"line":15,"column":38}},"type":"binary-expr","locations":[{"start":{"line":15,"column":17},"end":{"line":15,"column":25}},{"start":{"line":15,"column":29},"end":{"line":15,"column":38}}],"line":15},"2":{"loc":{"start":{"line":22,"column":4},"end":{"line":22,"column":76}},"type":"if","locations":[{"start":{"line":22,"column":4},"end":{"line":22,"column":76}},{"start":{},"end":{}}],"line":22},"3":{"loc":{"start":{"line":28,"column":17},"end":{"line":28,"column":32}},"type":"binary-expr","locations":[{"start":{"line":28,"column":17},"end":{"line":28,"column":26}},{"start":{"line":28,"column":30},"end":{"line":28,"column":32}}],"line":28},"4":{"loc":{"start":{"line":30,"column":16},"end":{"line":30,"column":30}},"type":"binary-expr","locations":[{"start":{"line":30,"column":16},"end":{"line":30,"column":24}},{"start":{"line":30,"column":28},"end":{"line":30,"column":30}}],"line":30},"5":{"loc":{"start":{"line":31,"column":20},"end":{"line":31,"column":40}},"type":"binary-expr","locations":[{"start":{"line":31,"column":20},"end":{"line":31,"column":32}},{"start":{"line":31,"column":36},"end":{"line":31,"column":40}}],"line":31},"6":{"loc":{"start":{"line":72,"column":4},"end":{"line":72,"column":54}},"type":"if","locations":[{"start":{"line":72,"column":4},"end":{"line":72,"column":54}},{"start":{},"end":{}}],"line":72},"7":{"loc":{"start":{"line":73,"column":4},"end":{"line":73,"column":51}},"type":"if","locations":[{"start":{"line":73,"column":4},"end":{"line":73,"column":51}},{"start":{},"end":{}}],"line":73},"8":{"loc":{"start":{"line":74,"column":4},"end":{"line":74,"column":60}},"type":"if","locations":[{"start":{"line":74,"column":4},"end":{"line":74,"column":60}},{"start":{},"end":{}}],"line":74},"9":{"loc":{"start":{"line":75,"column":4},"end":{"line":75,"column":63}},"type":"if","locations":[{"start":{"line":75,"column":4},"end":{"line":75,"column":63}},{"start":{},"end":{}}],"line":75},"10":{"loc":{"start":{"line":78,"column":4},"end":{"line":78,"column":72}},"type":"if","locations":[{"start":{"line":78,"column":4},"end":{"line":78,"column":72}},{"start":{},"end":{}}],"line":78},"11":{"loc":{"start":{"line":81,"column":4},"end":{"line":83,"column":5}},"type":"if","locations":[{"start":{"line":81,"column":4},"end":{"line":83,"column":5}},{"start":{},"end":{}}],"line":81},"12":{"loc":{"start":{"line":102,"column":4},"end":{"line":102,"column":72}},"type":"if","locations":[{"start":{"line":102,"column":4},"end":{"line":102,"column":72}},{"start":{},"end":{}}],"line":102},"13":{"loc":{"start":{"line":115,"column":4},"end":{"line":115,"column":82}},"type":"if","locations":[{"start":{"line":115,"column":4},"end":{"line":115,"column":82}},{"start":{},"end":{}}],"line":115},"14":{"loc":{"start":{"line":118,"column":4},"end":{"line":118,"column":72}},"type":"if","locations":[{"start":{"line":118,"column":4},"end":{"line":118,"column":72}},{"start":{},"end":{}}],"line":118},"15":{"loc":{"start":{"line":132,"column":4},"end":{"line":132,"column":72}},"type":"if","locations":[{"start":{"line":132,"column":4},"end":{"line":132,"column":72}},{"start":{},"end":{}}],"line":132},"16":{"loc":{"start":{"line":135,"column":4},"end":{"line":135,"column":78}},"type":"if","locations":[{"start":{"line":135,"column":4},"end":{"line":135,"column":78}},{"start":{},"end":{}}],"line":135},"17":{"loc":{"start":{"line":147,"column":0},"end":{"line":155,"column":1}},"type":"if","locations":[{"start":{"line":147,"column":0},"end":{"line":155,"column":1}},{"start":{},"end":{}}],"line":147},"18":{"loc":{"start":{"line":148,"column":20},"end":{"line":148,"column":79}},"type":"binary-expr","locations":[{"start":{"line":148,"column":20},"end":{"line":148,"column":41}},{"start":{"line":148,"column":45},"end":{"line":148,"column":79}}],"line":148},"19":{"loc":{"start":{"line":153,"column":15},"end":{"line":153,"column":39}},"type":"binary-expr","locations":[{"start":{"line":153,"column":15},"end":{"line":153,"column":31}},{"start":{"line":153,"column":35},"end":{"line":153,"column":39}}],"line":153}},"s":{"0":1,"1":1,"2":1,"3":1,"4":1,"5":1,"6":1,"7":1,"8":20,"9":20,"10":20,"11":2,"12":18,"13":18,"14":18,"15":1,"16":3,"17":3,"18":3,"19":1,"20":2,"21":2,"22":1,"23":1,"24":1,"25":2,"26":2,"27":1,"28":1,"29":1,"30":1,"31":0,"32":0,"33":0,"34":1,"35":4,"36":4,"37":4,"38":4,"39":3,"40":4,"41":1,"42":4,"43":1,"44":4,"45":0,"46":4,"47":3,"48":1,"49":2,"50":1,"51":2,"52":1,"53":1,"54":1,"55":0,"56":0,"57":1,"58":3,"59":3,"60":2,"61":1,"62":1,"63":1,"64":1,"65":1,"66":3,"67":3,"68":3,"69":1,"70":2,"71":2,"72":1,"73":1,"74":1,"75":1,"76":0,"77":1,"78":3,"79":3,"80":3,"81":3,"82":1,"83":2,"84":2,"85":1,"86":1,"87":1,"88":1,"89":0,"90":1,"91":1,"92":1,"93":0,"94":0,"95":0,"96":0,"97":0,"98":0,"99":0,"100":1},"f":{"0":20,"1":3,"2":2,"3":1,"4":4,"5":1,"6":3,"7":3,"8":3,"9":1,"10":0,"11":0,"12":0},"b":{"0":[2,18],"1":[18,0],"2":[1,2],"3":[2,1],"4":[2,2],"5":[2,2],"6":[3,1],"7":[1,3],"8":[1,3],"9":[0,4],"10":[1,2],"11":[1,1],"12":[1,1],"13":[1,2],"14":[1,1],"15":[1,2],"16":[1,1],"17":[0,1],"18":[0,0],"19":[0,0]},"_coverageSchema":"1a1c01bbd47fc00a2c39e90264f33305004495a9","hash":"d5503b578cd06b46511b53550318c115615fa7d6"}
,"/mnt/Windows-SSD/Users/yvavi/yeet/coding/devops/devops-taskboard/task-service/src/models/Task.js": {"path":"/mnt/Windows-SSD/Users/yvavi/yeet/coding/devops/devops-taskboard/task-service/src/models/Task.js","statementMap":{"0":{"start":{"line":1,"column":17},"end":{"line":1,"column":36}},"1":{"start":{"line":3,"column":22},"end":{"line":6,"column":17}},"2":{"start":{"line":8,"column":19},"end":{"line":23,"column":24}},"3":{"start":{"line":25,"column":0},"end":{"line":25,"column":52}}},"fnMap":{},"branchMap":{},"s":{"0":1,"1":1,"2":1,"3":1},"f":{},"b":{},"_coverageSchema":"1a1c01bbd47fc00a2c39e90264f33305004495a9","hash":"afc34124dca5077cd960a0b013787cc1a6c9bfa2"}
}
