TN:
SF:src/index.js
FN:10,(anonymous_0)
FN:19,(anonymous_1)
FN:42,(anonymous_2)
FN:57,completeChildren
FN:66,(anonymous_4)
FN:91,deleteChildren
FN:99,(anonymous_6)
FN:112,(anonymous_7)
FN:128,(anonymous_8)
FN:145,(anonymous_9)
FN:150,(anonymous_10)
FN:151,(anonymous_11)
FN:154,(anonymous_12)
FNF:13
FNH:10
FNDA:20,(anonymous_0)
FNDA:3,(anonymous_1)
FNDA:2,(anonymous_2)
FNDA:1,completeChildren
FNDA:4,(anonymous_4)
FNDA:1,deleteChildren
FNDA:3,(anonymous_6)
FNDA:3,(anonymous_7)
FNDA:3,(anonymous_8)
FNDA:1,(anonymous_9)
FNDA:0,(anonymous_10)
FNDA:0,(anonymous_11)
FNDA:0,(anonymous_12)
DA:1,1
DA:2,1
DA:3,1
DA:4,1
DA:6,1
DA:7,1
DA:8,1
DA:10,1
DA:11,20
DA:12,20
DA:13,20
DA:14,18
DA:15,18
DA:16,18
DA:19,1
DA:20,3
DA:21,3
DA:22,3
DA:24,2
DA:35,2
DA:36,1
DA:38,1
DA:42,1
DA:43,2
DA:45,2
DA:51,1
DA:53,1
DA:58,1
DA:59,1
DA:60,0
DA:61,0
DA:62,0
DA:66,1
DA:67,4
DA:68,4
DA:71,4
DA:72,4
DA:73,4
DA:74,4
DA:75,4
DA:77,4
DA:78,3
DA:81,2
DA:82,1
DA:85,2
DA:87,1
DA:92,1
DA:93,1
DA:94,0
DA:95,0
DA:99,1
DA:100,3
DA:101,3
DA:102,2
DA:104,1
DA:106,1
DA:108,1
DA:112,1
DA:113,3
DA:114,3
DA:115,3
DA:117,2
DA:118,2
DA:120,1
DA:121,1
DA:122,1
DA:124,0
DA:128,1
DA:129,3
DA:130,3
DA:131,3
DA:132,3
DA:134,2
DA:135,2
DA:137,1
DA:138,1
DA:139,1
DA:141,0
DA:145,1
DA:147,1
DA:148,0
DA:149,0
DA:150,0
DA:151,0
DA:153,0
DA:154,0
DA:157,1
LF:87
LH:74
BRDA:13,0,0,2
BRDA:13,0,1,18
BRDA:15,1,0,18
BRDA:15,1,1,0
BRDA:22,2,0,1
BRDA:22,2,1,2
BRDA:28,3,0,2
BRDA:28,3,1,1
BRDA:30,4,0,2
BRDA:30,4,1,2
BRDA:31,5,0,2
BRDA:31,5,1,2
BRDA:72,6,0,3
BRDA:72,6,1,1
BRDA:73,7,0,1
BRDA:73,7,1,3
BRDA:74,8,0,1
BRDA:74,8,1,3
BRDA:75,9,0,0
BRDA:75,9,1,4
BRDA:78,10,0,1
BRDA:78,10,1,2
BRDA:81,11,0,1
BRDA:81,11,1,1
BRDA:102,12,0,1
BRDA:102,12,1,1
BRDA:115,13,0,1
BRDA:115,13,1,2
BRDA:118,14,0,1
BRDA:118,14,1,1
BRDA:132,15,0,1
BRDA:132,15,1,2
BRDA:135,16,0,1
BRDA:135,16,1,1
BRDA:147,17,0,0
BRDA:147,17,1,1
BRDA:148,18,0,0
BRDA:148,18,1,0
BRDA:153,19,0,0
BRDA:153,19,1,0
BRF:40
BRH:33
end_of_record
TN:
SF:src/models/Task.js
FNF:0
FNH:0
DA:1,1
DA:3,1
DA:8,1
DA:25,1
LF:4
LH:4
BRF:0
BRH:0
end_of_record
