{"/mnt/Windows-SSD/Users/yvavi/yeet/coding/devops/devops-taskboard/auth-service/src/index.js": {"path":"/mnt/Windows-SSD/Users/yvavi/yeet/coding/devops/devops-taskboard/auth-service/src/index.js","statementMap":{"0":{"start":{"line":1,"column":16},"end":{"line":1,"column":34}},"1":{"start":{"line":2,"column":17},"end":{"line":2,"column":36}},"2":{"start":{"line":3,"column":15},"end":{"line":3,"column":34}},"3":{"start":{"line":4,"column":12},"end":{"line":4,"column":35}},"4":{"start":{"line":5,"column":13},"end":{"line":5,"column":28}},"5":{"start":{"line":6,"column":13},"end":{"line":6,"column":37}},"6":{"start":{"line":8,"column":12},"end":{"line":8,"column":21}},"7":{"start":{"line":9,"column":0},"end":{"line":9,"column":24}},"8":{"start":{"line":10,"column":0},"end":{"line":10,"column":16}},"9":{"start":{"line":12,"column":19},"end":{"line":12,"column":58}},"10":{"start":{"line":14,"column":0},"end":{"line":30,"column":3}},"11":{"start":{"line":15,"column":2},"end":{"line":29,"column":3}},"12":{"start":{"line":16,"column":35},"end":{"line":16,"column":43}},"13":{"start":{"line":17,"column":4},"end":{"line":17,"column":105}},"14":{"start":{"line":17,"column":32},"end":{"line":17,"column":105}},"15":{"start":{"line":19,"column":25},"end":{"line":19,"column":57}},"16":{"start":{"line":20,"column":4},"end":{"line":20,"column":84}},"17":{"start":{"line":20,"column":22},"end":{"line":20,"column":84}},"18":{"start":{"line":22,"column":27},"end":{"line":22,"column":58}},"19":{"start":{"line":23,"column":17},"end":{"line":23,"column":65}},"20":{"start":{"line":24,"column":4},"end":{"line":24,"column":22}},"21":{"start":{"line":26,"column":4},"end":{"line":26,"column":67}},"22":{"start":{"line":28,"column":4},"end":{"line":28,"column":61}},"23":{"start":{"line":32,"column":0},"end":{"line":46,"column":3}},"24":{"start":{"line":33,"column":2},"end":{"line":45,"column":3}},"25":{"start":{"line":34,"column":35},"end":{"line":34,"column":43}},"26":{"start":{"line":35,"column":17},"end":{"line":35,"column":49}},"27":{"start":{"line":36,"column":4},"end":{"line":36,"column":77}},"28":{"start":{"line":36,"column":15},"end":{"line":36,"column":77}},"29":{"start":{"line":38,"column":20},"end":{"line":38,"column":65}},"30":{"start":{"line":39,"column":4},"end":{"line":39,"column":80}},"31":{"start":{"line":39,"column":18},"end":{"line":39,"column":80}},"32":{"start":{"line":41,"column":18},"end":{"line":41,"column":106}},"33":{"start":{"line":42,"column":4},"end":{"line":42,"column":67}},"34":{"start":{"line":44,"column":4},"end":{"line":44,"column":61}},"35":{"start":{"line":49,"column":0},"end":{"line":49,"column":73}},"36":{"start":{"line":49,"column":33},"end":{"line":49,"column":71}},"37":{"start":{"line":52,"column":0},"end":{"line":60,"column":1}},"38":{"start":{"line":53,"column":20},"end":{"line":53,"column":79}},"39":{"start":{"line":54,"column":2},"end":{"line":56,"column":67}},"40":{"start":{"line":55,"column":16},"end":{"line":55,"column":64}},"41":{"start":{"line":56,"column":18},"end":{"line":56,"column":65}},"42":{"start":{"line":58,"column":15},"end":{"line":58,"column":39}},"43":{"start":{"line":59,"column":2},"end":{"line":59,"column":78}},"44":{"start":{"line":59,"column":25},"end":{"line":59,"column":76}},"45":{"start":{"line":62,"column":0},"end":{"line":62,"column":21}}},"fnMap":{"0":{"name":"(anonymous_0)","decl":{"start":{"line":14,"column":20},"end":{"line":14,"column":21}},"loc":{"start":{"line":14,"column":40},"end":{"line":30,"column":1}},"line":14},"1":{"name":"(anonymous_1)","decl":{"start":{"line":32,"column":19},"end":{"line":32,"column":20}},"loc":{"start":{"line":32,"column":39},"end":{"line":46,"column":1}},"line":32},"2":{"name":"(anonymous_2)","decl":{"start":{"line":49,"column":19},"end":{"line":49,"column":20}},"loc":{"start":{"line":49,"column":33},"end":{"line":49,"column":71}},"line":49},"3":{"name":"(anonymous_3)","decl":{"start":{"line":55,"column":10},"end":{"line":55,"column":11}},"loc":{"start":{"line":55,"column":16},"end":{"line":55,"column":64}},"line":55},"4":{"name":"(anonymous_4)","decl":{"start":{"line":56,"column":11},"end":{"line":56,"column":12}},"loc":{"start":{"line":56,"column":18},"end":{"line":56,"column":65}},"line":56},"5":{"name":"(anonymous_5)","decl":{"start":{"line":59,"column":19},"end":{"line":59,"column":20}},"loc":{"start":{"line":59,"column":25},"end":{"line":59,"column":76}},"line":59}},"branchMap":{"0":{"loc":{"start":{"line":12,"column":19},"end":{"line":12,"column":58}},"type":"binary-expr","locations":[{"start":{"line":12,"column":19},"end":{"line":12,"column":41}},{"start":{"line":12,"column":45},"end":{"line":12,"column":58}}],"line":12},"1":{"loc":{"start":{"line":17,"column":4},"end":{"line":17,"column":105}},"type":"if","locations":[{"start":{"line":17,"column":4},"end":{"line":17,"column":105}},{"start":{},"end":{}}],"line":17},"2":{"loc":{"start":{"line":17,"column":8},"end":{"line":17,"column":30}},"type":"binary-expr","locations":[{"start":{"line":17,"column":8},"end":{"line":17,"column":17}},{"start":{"line":17,"column":21},"end":{"line":17,"column":30}}],"line":17},"3":{"loc":{"start":{"line":20,"column":4},"end":{"line":20,"column":84}},"type":"if","locations":[{"start":{"line":20,"column":4},"end":{"line":20,"column":84}},{"start":{},"end":{}}],"line":20},"4":{"loc":{"start":{"line":36,"column":4},"end":{"line":36,"column":77}},"type":"if","locations":[{"start":{"line":36,"column":4},"end":{"line":36,"column":77}},{"start":{},"end":{}}],"line":36},"5":{"loc":{"start":{"line":39,"column":4},"end":{"line":39,"column":80}},"type":"if","locations":[{"start":{"line":39,"column":4},"end":{"line":39,"column":80}},{"start":{},"end":{}}],"line":39},"6":{"loc":{"start":{"line":52,"column":0},"end":{"line":60,"column":1}},"type":"if","locations":[{"start":{"line":52,"column":0},"end":{"line":60,"column":1}},{"start":{},"end":{}}],"line":52},"7":{"loc":{"start":{"line":53,"column":20},"end":{"line":53,"column":79}},"type":"binary-expr","locations":[{"start":{"line":53,"column":20},"end":{"line":53,"column":41}},{"start":{"line":53,"column":45},"end":{"line":53,"column":79}}],"line":53},"8":{"loc":{"start":{"line":58,"column":15},"end":{"line":58,"column":39}},"type":"binary-expr","locations":[{"start":{"line":58,"column":15},"end":{"line":58,"column":31}},{"start":{"line":58,"column":35},"end":{"line":58,"column":39}}],"line":58}},"s":{"0":1,"1":1,"2":1,"3":1,"4":1,"5":1,"6":1,"7":1,"8":1,"9":1,"10":1,"11":5,"12":5,"13":5,"14":2,"15":3,"16":3,"17":1,"18":2,"19":2,"20":2,"21":1,"22":1,"23":1,"24":4,"25":4,"26":4,"27":3,"28":1,"29":2,"30":2,"31":1,"32":1,"33":1,"34":1,"35":1,"36":1,"37":1,"38":0,"39":0,"40":0,"41":0,"42":0,"43":0,"44":0,"45":1},"f":{"0":5,"1":4,"2":1,"3":0,"4":0,"5":0},"b":{"0":[1,1],"1":[2,3],"2":[5,4],"3":[1,2],"4":[1,2],"5":[1,1],"6":[0,1],"7":[0,0],"8":[0,0]},"_coverageSchema":"1a1c01bbd47fc00a2c39e90264f33305004495a9","hash":"6c8bd820309769a70fd2a1c3e46bc5946f4d8ce7"}
,"/mnt/Windows-SSD/Users/yvavi/yeet/coding/devops/devops-taskboard/auth-service/src/models/User.js": {"path":"/mnt/Windows-SSD/Users/yvavi/yeet/coding/devops/devops-taskboard/auth-service/src/models/User.js","statementMap":{"0":{"start":{"line":1,"column":17},"end":{"line":1,"column":36}},"1":{"start":{"line":3,"column":19},"end":{"line":13,"column":24}},"2":{"start":{"line":15,"column":0},"end":{"line":15,"column":52}}},"fnMap":{},"branchMap":{},"s":{"0":1,"1":1,"2":1},"f":{},"b":{},"_coverageSchema":"1a1c01bbd47fc00a2c39e90264f33305004495a9","hash":"30a29e5cc5a274330ce55f209c9f282d136cae0b"}
}
