TN:
SF:src/index.js
FN:14,(anonymous_0)
FN:32,(anonymous_1)
FN:49,(anonymous_2)
FN:55,(anonymous_3)
FN:56,(anonymous_4)
FN:59,(anonymous_5)
FNF:6
FNH:3
FNDA:5,(anonymous_0)
FNDA:4,(anonymous_1)
FNDA:1,(anonymous_2)
FNDA:0,(anonymous_3)
FNDA:0,(anonymous_4)
FNDA:0,(anonymous_5)
DA:1,1
DA:2,1
DA:3,1
DA:4,1
DA:5,1
DA:6,1
DA:8,1
DA:9,1
DA:10,1
DA:12,1
DA:14,1
DA:15,5
DA:16,5
DA:17,5
DA:19,3
DA:20,3
DA:22,2
DA:23,2
DA:24,2
DA:26,1
DA:28,1
DA:32,1
DA:33,4
DA:34,4
DA:35,4
DA:36,3
DA:38,2
DA:39,2
DA:41,1
DA:42,1
DA:44,1
DA:49,1
DA:52,1
DA:53,0
DA:54,0
DA:55,0
DA:56,0
DA:58,0
DA:59,0
DA:62,1
LF:40
LH:34
BRDA:12,0,0,1
BRDA:12,0,1,1
BRDA:17,1,0,2
BRDA:17,1,1,3
BRDA:17,2,0,5
BRDA:17,2,1,4
BRDA:20,3,0,1
BRDA:20,3,1,2
BRDA:36,4,0,1
BRDA:36,4,1,2
BRDA:39,5,0,1
BRDA:39,5,1,1
BRDA:52,6,0,0
BRDA:52,6,1,1
BRDA:53,7,0,0
BRDA:53,7,1,0
BRDA:58,8,0,0
BRDA:58,8,1,0
BRF:18
BRH:13
end_of_record
TN:
SF:src/models/User.js
FNF:0
FNH:0
DA:1,1
DA:3,1
DA:15,1
LF:3
LH:3
BRF:0
BRH:0
end_of_record
