{"/mnt/Windows-SSD/Users/yvavi/yeet/coding/devops/devops-taskboard/team-service/src/index.js": {"path":"/mnt/Windows-SSD/Users/yvavi/yeet/coding/devops/devops-taskboard/team-service/src/index.js","statementMap":{"0":{"start":{"line":1,"column":16},"end":{"line":1,"column":34}},"1":{"start":{"line":2,"column":17},"end":{"line":2,"column":36}},"2":{"start":{"line":3,"column":13},"end":{"line":3,"column":28}},"3":{"start":{"line":4,"column":13},"end":{"line":4,"column":37}},"4":{"start":{"line":6,"column":12},"end":{"line":6,"column":21}},"5":{"start":{"line":7,"column":0},"end":{"line":7,"column":24}},"6":{"start":{"line":8,"column":0},"end":{"line":8,"column":16}},"7":{"start":{"line":12,"column":17},"end":{"line":19,"column":1}},"8":{"start":{"line":13,"column":17},"end":{"line":13,"column":41}},"9":{"start":{"line":14,"column":19},"end":{"line":14,"column":44}},"10":{"start":{"line":15,"column":2},"end":{"line":15,"column":70}},"11":{"start":{"line":15,"column":15},"end":{"line":15,"column":70}},"12":{"start":{"line":16,"column":2},"end":{"line":16,"column":22}},"13":{"start":{"line":17,"column":2},"end":{"line":17,"column":39}},"14":{"start":{"line":18,"column":2},"end":{"line":18,"column":9}},"15":{"start":{"line":21,"column":0},"end":{"line":36,"column":3}},"16":{"start":{"line":22,"column":2},"end":{"line":35,"column":3}},"17":{"start":{"line":23,"column":21},"end":{"line":23,"column":29}},"18":{"start":{"line":24,"column":4},"end":{"line":24,"column":79}},"19":{"start":{"line":24,"column":15},"end":{"line":24,"column":79}},"20":{"start":{"line":26,"column":17},"end":{"line":29,"column":6}},"21":{"start":{"line":31,"column":4},"end":{"line":31,"column":22}},"22":{"start":{"line":32,"column":4},"end":{"line":32,"column":31}},"23":{"start":{"line":34,"column":4},"end":{"line":34,"column":61}},"24":{"start":{"line":38,"column":0},"end":{"line":45,"column":3}},"25":{"start":{"line":39,"column":2},"end":{"line":44,"column":3}},"26":{"start":{"line":40,"column":18},"end":{"line":40,"column":67}},"27":{"start":{"line":41,"column":4},"end":{"line":41,"column":20}},"28":{"start":{"line":43,"column":4},"end":{"line":43,"column":61}},"29":{"start":{"line":47,"column":0},"end":{"line":62,"column":3}},"30":{"start":{"line":48,"column":2},"end":{"line":61,"column":3}},"31":{"start":{"line":49,"column":17},"end":{"line":49,"column":51}},"32":{"start":{"line":50,"column":4},"end":{"line":50,"column":92}},"33":{"start":{"line":50,"column":15},"end":{"line":50,"column":92}},"34":{"start":{"line":52,"column":26},"end":{"line":52,"column":73}},"35":{"start":{"line":52,"column":49},"end":{"line":52,"column":72}},"36":{"start":{"line":53,"column":4},"end":{"line":53,"column":103}},"37":{"start":{"line":53,"column":23},"end":{"line":53,"column":103}},"38":{"start":{"line":55,"column":4},"end":{"line":55,"column":111}},"39":{"start":{"line":56,"column":4},"end":{"line":56,"column":22}},"40":{"start":{"line":58,"column":4},"end":{"line":58,"column":31}},"41":{"start":{"line":60,"column":4},"end":{"line":60,"column":61}},"42":{"start":{"line":64,"column":0},"end":{"line":77,"column":3}},"43":{"start":{"line":65,"column":2},"end":{"line":76,"column":3}},"44":{"start":{"line":66,"column":17},"end":{"line":66,"column":51}},"45":{"start":{"line":67,"column":4},"end":{"line":67,"column":72}},"46":{"start":{"line":67,"column":15},"end":{"line":67,"column":72}},"47":{"start":{"line":70,"column":21},"end":{"line":70,"column":68}},"48":{"start":{"line":70,"column":44},"end":{"line":70,"column":67}},"49":{"start":{"line":71,"column":4},"end":{"line":71,"column":71}},"50":{"start":{"line":71,"column":19},"end":{"line":71,"column":71}},"51":{"start":{"line":73,"column":4},"end":{"line":73,"column":19}},"52":{"start":{"line":75,"column":4},"end":{"line":75,"column":61}},"53":{"start":{"line":79,"column":0},"end":{"line":105,"column":3}},"54":{"start":{"line":80,"column":2},"end":{"line":104,"column":3}},"55":{"start":{"line":81,"column":61},"end":{"line":81,"column":69}},"56":{"start":{"line":82,"column":4},"end":{"line":82,"column":129}},"57":{"start":{"line":82,"column":42},"end":{"line":82,"column":129}},"58":{"start":{"line":84,"column":23},"end":{"line":84,"column":42}},"59":{"start":{"line":85,"column":20},"end":{"line":85,"column":63}},"60":{"start":{"line":87,"column":17},"end":{"line":87,"column":51}},"61":{"start":{"line":88,"column":4},"end":{"line":88,"column":72}},"62":{"start":{"line":88,"column":15},"end":{"line":88,"column":72}},"63":{"start":{"line":90,"column":28},"end":{"line":90,"column":81}},"64":{"start":{"line":90,"column":51},"end":{"line":90,"column":74}},"65":{"start":{"line":91,"column":4},"end":{"line":93,"column":5}},"66":{"start":{"line":92,"column":6},"end":{"line":92,"column":88}},"67":{"start":{"line":95,"column":26},"end":{"line":95,"column":75}},"68":{"start":{"line":95,"column":49},"end":{"line":95,"column":74}},"69":{"start":{"line":96,"column":4},"end":{"line":96,"column":90}},"70":{"start":{"line":96,"column":23},"end":{"line":96,"column":90}},"71":{"start":{"line":98,"column":4},"end":{"line":98,"column":126}},"72":{"start":{"line":99,"column":4},"end":{"line":99,"column":22}},"73":{"start":{"line":101,"column":4},"end":{"line":101,"column":31}},"74":{"start":{"line":103,"column":4},"end":{"line":103,"column":61}},"75":{"start":{"line":107,"column":0},"end":{"line":136,"column":3}},"76":{"start":{"line":108,"column":2},"end":{"line":135,"column":3}},"77":{"start":{"line":109,"column":31},"end":{"line":109,"column":39}},"78":{"start":{"line":110,"column":23},"end":{"line":110,"column":42}},"79":{"start":{"line":111,"column":4},"end":{"line":111,"column":99}},"80":{"start":{"line":111,"column":44},"end":{"line":111,"column":99}},"81":{"start":{"line":113,"column":17},"end":{"line":113,"column":51}},"82":{"start":{"line":114,"column":4},"end":{"line":114,"column":72}},"83":{"start":{"line":114,"column":15},"end":{"line":114,"column":72}},"84":{"start":{"line":116,"column":28},"end":{"line":116,"column":81}},"85":{"start":{"line":116,"column":51},"end":{"line":116,"column":74}},"86":{"start":{"line":117,"column":4},"end":{"line":119,"column":5}},"87":{"start":{"line":118,"column":6},"end":{"line":118,"column":89}},"88":{"start":{"line":121,"column":25},"end":{"line":121,"column":85}},"89":{"start":{"line":121,"column":48},"end":{"line":121,"column":84}},"90":{"start":{"line":122,"column":4},"end":{"line":122,"column":97}},"91":{"start":{"line":122,"column":23},"end":{"line":122,"column":97}},"92":{"start":{"line":124,"column":4},"end":{"line":126,"column":5}},"93":{"start":{"line":125,"column":6},"end":{"line":125,"column":86}},"94":{"start":{"line":128,"column":4},"end":{"line":128,"column":39}},"95":{"start":{"line":128,"column":14},"end":{"line":128,"column":39}},"96":{"start":{"line":129,"column":4},"end":{"line":129,"column":65}},"97":{"start":{"line":129,"column":32},"end":{"line":129,"column":65}},"98":{"start":{"line":130,"column":4},"end":{"line":130,"column":22}},"99":{"start":{"line":132,"column":4},"end":{"line":132,"column":19}},"100":{"start":{"line":134,"column":4},"end":{"line":134,"column":61}},"101":{"start":{"line":138,"column":0},"end":{"line":138,"column":73}},"102":{"start":{"line":138,"column":33},"end":{"line":138,"column":71}},"103":{"start":{"line":140,"column":0},"end":{"line":148,"column":1}},"104":{"start":{"line":141,"column":20},"end":{"line":141,"column":79}},"105":{"start":{"line":142,"column":2},"end":{"line":144,"column":67}},"106":{"start":{"line":143,"column":16},"end":{"line":143,"column":64}},"107":{"start":{"line":144,"column":18},"end":{"line":144,"column":65}},"108":{"start":{"line":146,"column":15},"end":{"line":146,"column":39}},"109":{"start":{"line":147,"column":2},"end":{"line":147,"column":78}},"110":{"start":{"line":147,"column":25},"end":{"line":147,"column":76}},"111":{"start":{"line":150,"column":0},"end":{"line":150,"column":21}}},"fnMap":{"0":{"name":"(anonymous_0)","decl":{"start":{"line":12,"column":17},"end":{"line":12,"column":18}},"loc":{"start":{"line":12,"column":37},"end":{"line":19,"column":1}},"line":12},"1":{"name":"(anonymous_1)","decl":{"start":{"line":21,"column":29},"end":{"line":21,"column":30}},"loc":{"start":{"line":21,"column":49},"end":{"line":36,"column":1}},"line":21},"2":{"name":"(anonymous_2)","decl":{"start":{"line":38,"column":33},"end":{"line":38,"column":34}},"loc":{"start":{"line":38,"column":53},"end":{"line":45,"column":1}},"line":38},"3":{"name":"(anonymous_3)","decl":{"start":{"line":47,"column":38},"end":{"line":47,"column":39}},"loc":{"start":{"line":47,"column":58},"end":{"line":62,"column":1}},"line":47},"4":{"name":"(anonymous_4)","decl":{"start":{"line":52,"column":44},"end":{"line":52,"column":45}},"loc":{"start":{"line":52,"column":49},"end":{"line":52,"column":72}},"line":52},"5":{"name":"(anonymous_5)","decl":{"start":{"line":64,"column":32},"end":{"line":64,"column":33}},"loc":{"start":{"line":64,"column":52},"end":{"line":77,"column":1}},"line":64},"6":{"name":"(anonymous_6)","decl":{"start":{"line":70,"column":39},"end":{"line":70,"column":40}},"loc":{"start":{"line":70,"column":44},"end":{"line":70,"column":67}},"line":70},"7":{"name":"(anonymous_7)","decl":{"start":{"line":79,"column":41},"end":{"line":79,"column":42}},"loc":{"start":{"line":79,"column":61},"end":{"line":105,"column":1}},"line":79},"8":{"name":"(anonymous_8)","decl":{"start":{"line":90,"column":46},"end":{"line":90,"column":47}},"loc":{"start":{"line":90,"column":51},"end":{"line":90,"column":74}},"line":90},"9":{"name":"(anonymous_9)","decl":{"start":{"line":95,"column":44},"end":{"line":95,"column":45}},"loc":{"start":{"line":95,"column":49},"end":{"line":95,"column":74}},"line":95},"10":{"name":"(anonymous_10)","decl":{"start":{"line":107,"column":59},"end":{"line":107,"column":60}},"loc":{"start":{"line":107,"column":79},"end":{"line":136,"column":1}},"line":107},"11":{"name":"(anonymous_11)","decl":{"start":{"line":116,"column":46},"end":{"line":116,"column":47}},"loc":{"start":{"line":116,"column":51},"end":{"line":116,"column":74}},"line":116},"12":{"name":"(anonymous_12)","decl":{"start":{"line":121,"column":43},"end":{"line":121,"column":44}},"loc":{"start":{"line":121,"column":48},"end":{"line":121,"column":84}},"line":121},"13":{"name":"(anonymous_13)","decl":{"start":{"line":138,"column":19},"end":{"line":138,"column":20}},"loc":{"start":{"line":138,"column":33},"end":{"line":138,"column":71}},"line":138},"14":{"name":"(anonymous_14)","decl":{"start":{"line":143,"column":10},"end":{"line":143,"column":11}},"loc":{"start":{"line":143,"column":16},"end":{"line":143,"column":64}},"line":143},"15":{"name":"(anonymous_15)","decl":{"start":{"line":144,"column":11},"end":{"line":144,"column":12}},"loc":{"start":{"line":144,"column":18},"end":{"line":144,"column":65}},"line":144},"16":{"name":"(anonymous_16)","decl":{"start":{"line":147,"column":19},"end":{"line":147,"column":20}},"loc":{"start":{"line":147,"column":25},"end":{"line":147,"column":76}},"line":147}},"branchMap":{"0":{"loc":{"start":{"line":15,"column":2},"end":{"line":15,"column":70}},"type":"if","locations":[{"start":{"line":15,"column":2},"end":{"line":15,"column":70}},{"start":{},"end":{}}],"line":15},"1":{"loc":{"start":{"line":17,"column":17},"end":{"line":17,"column":38}},"type":"binary-expr","locations":[{"start":{"line":17,"column":17},"end":{"line":17,"column":25}},{"start":{"line":17,"column":29},"end":{"line":17,"column":38}}],"line":17},"2":{"loc":{"start":{"line":24,"column":4},"end":{"line":24,"column":79}},"type":"if","locations":[{"start":{"line":24,"column":4},"end":{"line":24,"column":79}},{"start":{},"end":{}}],"line":24},"3":{"loc":{"start":{"line":50,"column":4},"end":{"line":50,"column":92}},"type":"if","locations":[{"start":{"line":50,"column":4},"end":{"line":50,"column":92}},{"start":{},"end":{}}],"line":50},"4":{"loc":{"start":{"line":53,"column":4},"end":{"line":53,"column":103}},"type":"if","locations":[{"start":{"line":53,"column":4},"end":{"line":53,"column":103}},{"start":{},"end":{}}],"line":53},"5":{"loc":{"start":{"line":67,"column":4},"end":{"line":67,"column":72}},"type":"if","locations":[{"start":{"line":67,"column":4},"end":{"line":67,"column":72}},{"start":{},"end":{}}],"line":67},"6":{"loc":{"start":{"line":71,"column":4},"end":{"line":71,"column":71}},"type":"if","locations":[{"start":{"line":71,"column":4},"end":{"line":71,"column":71}},{"start":{},"end":{}}],"line":71},"7":{"loc":{"start":{"line":82,"column":4},"end":{"line":82,"column":129}},"type":"if","locations":[{"start":{"line":82,"column":4},"end":{"line":82,"column":129}},{"start":{},"end":{}}],"line":82},"8":{"loc":{"start":{"line":82,"column":8},"end":{"line":82,"column":40}},"type":"binary-expr","locations":[{"start":{"line":82,"column":8},"end":{"line":82,"column":21}},{"start":{"line":82,"column":25},"end":{"line":82,"column":40}}],"line":82},"9":{"loc":{"start":{"line":85,"column":20},"end":{"line":85,"column":63}},"type":"cond-expr","locations":[{"start":{"line":85,"column":48},"end":{"line":85,"column":52}},{"start":{"line":85,"column":55},"end":{"line":85,"column":63}}],"line":85},"10":{"loc":{"start":{"line":88,"column":4},"end":{"line":88,"column":72}},"type":"if","locations":[{"start":{"line":88,"column":4},"end":{"line":88,"column":72}},{"start":{},"end":{}}],"line":88},"11":{"loc":{"start":{"line":91,"column":4},"end":{"line":93,"column":5}},"type":"if","locations":[{"start":{"line":91,"column":4},"end":{"line":93,"column":5}},{"start":{},"end":{}}],"line":91},"12":{"loc":{"start":{"line":91,"column":8},"end":{"line":91,"column":68}},"type":"binary-expr","locations":[{"start":{"line":91,"column":8},"end":{"line":91,"column":37}},{"start":{"line":91,"column":41},"end":{"line":91,"column":68}}],"line":91},"13":{"loc":{"start":{"line":96,"column":4},"end":{"line":96,"column":90}},"type":"if","locations":[{"start":{"line":96,"column":4},"end":{"line":96,"column":90}},{"start":{},"end":{}}],"line":96},"14":{"loc":{"start":{"line":98,"column":97},"end":{"line":98,"column":122}},"type":"binary-expr","locations":[{"start":{"line":98,"column":97},"end":{"line":98,"column":105}},{"start":{"line":98,"column":109},"end":{"line":98,"column":122}}],"line":98},"15":{"loc":{"start":{"line":111,"column":4},"end":{"line":111,"column":99}},"type":"if","locations":[{"start":{"line":111,"column":4},"end":{"line":111,"column":99}},{"start":{},"end":{}}],"line":111},"16":{"loc":{"start":{"line":111,"column":8},"end":{"line":111,"column":42}},"type":"binary-expr","locations":[{"start":{"line":111,"column":8},"end":{"line":111,"column":12}},{"start":{"line":111,"column":16},"end":{"line":111,"column":42}}],"line":111},"17":{"loc":{"start":{"line":114,"column":4},"end":{"line":114,"column":72}},"type":"if","locations":[{"start":{"line":114,"column":4},"end":{"line":114,"column":72}},{"start":{},"end":{}}],"line":114},"18":{"loc":{"start":{"line":117,"column":4},"end":{"line":119,"column":5}},"type":"if","locations":[{"start":{"line":117,"column":4},"end":{"line":119,"column":5}},{"start":{},"end":{}}],"line":117},"19":{"loc":{"start":{"line":117,"column":8},"end":{"line":117,"column":68}},"type":"binary-expr","locations":[{"start":{"line":117,"column":8},"end":{"line":117,"column":37}},{"start":{"line":117,"column":41},"end":{"line":117,"column":68}}],"line":117},"20":{"loc":{"start":{"line":122,"column":4},"end":{"line":122,"column":97}},"type":"if","locations":[{"start":{"line":122,"column":4},"end":{"line":122,"column":97}},{"start":{},"end":{}}],"line":122},"21":{"loc":{"start":{"line":124,"column":4},"end":{"line":126,"column":5}},"type":"if","locations":[{"start":{"line":124,"column":4},"end":{"line":126,"column":5}},{"start":{},"end":{}}],"line":124},"22":{"loc":{"start":{"line":124,"column":8},"end":{"line":124,"column":47}},"type":"binary-expr","locations":[{"start":{"line":124,"column":8},"end":{"line":124,"column":39}},{"start":{"line":124,"column":43},"end":{"line":124,"column":47}}],"line":124},"23":{"loc":{"start":{"line":128,"column":4},"end":{"line":128,"column":39}},"type":"if","locations":[{"start":{"line":128,"column":4},"end":{"line":128,"column":39}},{"start":{},"end":{}}],"line":128},"24":{"loc":{"start":{"line":129,"column":4},"end":{"line":129,"column":65}},"type":"if","locations":[{"start":{"line":129,"column":4},"end":{"line":129,"column":65}},{"start":{},"end":{}}],"line":129},"25":{"loc":{"start":{"line":140,"column":0},"end":{"line":148,"column":1}},"type":"if","locations":[{"start":{"line":140,"column":0},"end":{"line":148,"column":1}},{"start":{},"end":{}}],"line":140},"26":{"loc":{"start":{"line":141,"column":20},"end":{"line":141,"column":79}},"type":"binary-expr","locations":[{"start":{"line":141,"column":20},"end":{"line":141,"column":41}},{"start":{"line":141,"column":45},"end":{"line":141,"column":79}}],"line":141},"27":{"loc":{"start":{"line":146,"column":15},"end":{"line":146,"column":39}},"type":"binary-expr","locations":[{"start":{"line":146,"column":15},"end":{"line":146,"column":31}},{"start":{"line":146,"column":35},"end":{"line":146,"column":39}}],"line":146}},"s":{"0":1,"1":1,"2":1,"3":1,"4":1,"5":1,"6":1,"7":1,"8":23,"9":23,"10":23,"11":1,"12":22,"13":22,"14":22,"15":1,"16":3,"17":3,"18":3,"19":1,"20":2,"21":2,"22":1,"23":1,"24":1,"25":2,"26":2,"27":1,"28":1,"29":1,"30":3,"31":3,"32":3,"33":1,"34":2,"35":1,"36":2,"37":1,"38":1,"39":1,"40":1,"41":0,"42":1,"43":3,"44":3,"45":3,"46":1,"47":2,"48":2,"49":2,"50":1,"51":1,"52":0,"53":1,"54":5,"55":5,"56":5,"57":1,"58":4,"59":4,"60":4,"61":4,"62":1,"63":3,"64":3,"65":3,"66":1,"67":2,"68":3,"69":2,"70":1,"71":1,"72":1,"73":1,"74":0,"75":1,"76":6,"77":6,"78":6,"79":6,"80":1,"81":5,"82":5,"83":1,"84":4,"85":4,"86":4,"87":1,"88":3,"89":5,"90":3,"91":1,"92":2,"93":1,"94":1,"95":1,"96":1,"97":1,"98":1,"99":1,"100":0,"101":1,"102":1,"103":1,"104":0,"105":0,"106":0,"107":0,"108":0,"109":0,"110":0,"111":1},"f":{"0":23,"1":3,"2":2,"3":3,"4":1,"5":3,"6":2,"7":5,"8":3,"9":3,"10":6,"11":4,"12":5,"13":1,"14":0,"15":0,"16":0},"b":{"0":[1,22],"1":[22,0],"2":[1,2],"3":[1,2],"4":[1,1],"5":[1,2],"6":[1,1],"7":[1,4],"8":[5,5],"9":[1,3],"10":[1,3],"11":[1,2],"12":[3,1],"13":[1,1],"14":[1,1],"15":[1,5],"16":[6,6],"17":[1,4],"18":[1,3],"19":[4,2],"20":[1,2],"21":[1,1],"22":[2,1],"23":[1,0],"24":[1,0],"25":[0,1],"26":[0,0],"27":[0,0]},"_coverageSchema":"1a1c01bbd47fc00a2c39e90264f33305004495a9","hash":"0d6e0850a0e4acfc92a4720d300f40c4ed2254be"}
,"/mnt/Windows-SSD/Users/yvavi/yeet/coding/devops/devops-taskboard/team-service/src/models/Team.js": {"path":"/mnt/Windows-SSD/Users/yvavi/yeet/coding/devops/devops-taskboard/team-service/src/models/Team.js","statementMap":{"0":{"start":{"line":1,"column":17},"end":{"line":1,"column":36}},"1":{"start":{"line":3,"column":21},"end":{"line":22,"column":18}},"2":{"start":{"line":24,"column":19},"end":{"line":30,"column":24}},"3":{"start":{"line":32,"column":0},"end":{"line":32,"column":52}}},"fnMap":{},"branchMap":{},"s":{"0":1,"1":1,"2":1,"3":1},"f":{},"b":{},"_coverageSchema":"1a1c01bbd47fc00a2c39e90264f33305004495a9","hash":"561b1fcd6f0c080221910cd9da6226002ae7b8f8"}
}
