TN:
SF:src/index.js
FN:12,(anonymous_0)
FN:21,(anonymous_1)
FN:38,(anonymous_2)
FN:47,(anonymous_3)
FN:52,(anonymous_4)
FN:64,(anonymous_5)
FN:70,(anonymous_6)
FN:79,(anonymous_7)
FN:90,(anonymous_8)
FN:95,(anonymous_9)
FN:107,(anonymous_10)
FN:116,(anonymous_11)
FN:121,(anonymous_12)
FN:138,(anonymous_13)
FN:143,(anonymous_14)
FN:144,(anonymous_15)
FN:147,(anonymous_16)
FNF:17
FNH:14
FNDA:23,(anonymous_0)
FNDA:3,(anonymous_1)
FNDA:2,(anonymous_2)
FNDA:3,(anonymous_3)
FNDA:1,(anonymous_4)
FNDA:3,(anonymous_5)
FNDA:2,(anonymous_6)
FNDA:5,(anonymous_7)
FNDA:3,(anonymous_8)
FNDA:3,(anonymous_9)
FNDA:6,(anonymous_10)
FNDA:4,(anonymous_11)
FNDA:5,(anonymous_12)
FNDA:1,(anonymous_13)
FNDA:0,(anonymous_14)
FNDA:0,(anonymous_15)
FNDA:0,(anonymous_16)
DA:1,1
DA:2,1
DA:3,1
DA:4,1
DA:6,1
DA:7,1
DA:8,1
DA:12,1
DA:13,23
DA:14,23
DA:15,23
DA:16,22
DA:17,22
DA:18,22
DA:21,1
DA:22,3
DA:23,3
DA:24,3
DA:26,2
DA:31,2
DA:32,1
DA:34,1
DA:38,1
DA:39,2
DA:40,2
DA:41,1
DA:43,1
DA:47,1
DA:48,3
DA:49,3
DA:50,3
DA:52,2
DA:53,2
DA:55,1
DA:56,1
DA:58,1
DA:60,0
DA:64,1
DA:65,3
DA:66,3
DA:67,3
DA:70,2
DA:71,2
DA:73,1
DA:75,0
DA:79,1
DA:80,5
DA:81,5
DA:82,5
DA:84,4
DA:85,4
DA:87,4
DA:88,4
DA:90,3
DA:91,3
DA:92,1
DA:95,3
DA:96,2
DA:98,1
DA:99,1
DA:101,1
DA:103,0
DA:107,1
DA:108,6
DA:109,6
DA:110,6
DA:111,6
DA:113,5
DA:114,5
DA:116,4
DA:117,4
DA:118,1
DA:121,5
DA:122,3
DA:124,2
DA:125,1
DA:128,1
DA:129,1
DA:130,1
DA:132,1
DA:134,0
DA:138,1
DA:140,1
DA:141,0
DA:142,0
DA:143,0
DA:144,0
DA:146,0
DA:147,0
DA:150,1
LF:90
LH:80
BRDA:15,0,0,1
BRDA:15,0,1,22
BRDA:17,1,0,22
BRDA:17,1,1,0
BRDA:24,2,0,1
BRDA:24,2,1,2
BRDA:50,3,0,1
BRDA:50,3,1,2
BRDA:53,4,0,1
BRDA:53,4,1,1
BRDA:67,5,0,1
BRDA:67,5,1,2
BRDA:71,6,0,1
BRDA:71,6,1,1
BRDA:82,7,0,1
BRDA:82,7,1,4
BRDA:82,8,0,5
BRDA:82,8,1,5
BRDA:85,9,0,1
BRDA:85,9,1,3
BRDA:88,10,0,1
BRDA:88,10,1,3
BRDA:91,11,0,1
BRDA:91,11,1,2
BRDA:91,12,0,3
BRDA:91,12,1,1
BRDA:96,13,0,1
BRDA:96,13,1,1
BRDA:98,14,0,1
BRDA:98,14,1,1
BRDA:111,15,0,1
BRDA:111,15,1,5
BRDA:111,16,0,6
BRDA:111,16,1,6
BRDA:114,17,0,1
BRDA:114,17,1,4
BRDA:117,18,0,1
BRDA:117,18,1,3
BRDA:117,19,0,4
BRDA:117,19,1,2
BRDA:122,20,0,1
BRDA:122,20,1,2
BRDA:124,21,0,1
BRDA:124,21,1,1
BRDA:124,22,0,2
BRDA:124,22,1,1
BRDA:128,23,0,1
BRDA:128,23,1,0
BRDA:129,24,0,1
BRDA:129,24,1,0
BRDA:140,25,0,0
BRDA:140,25,1,1
BRDA:141,26,0,0
BRDA:141,26,1,0
BRDA:146,27,0,0
BRDA:146,27,1,0
BRF:56
BRH:48
end_of_record
TN:
SF:src/models/Team.js
FNF:0
FNH:0
DA:1,1
DA:3,1
DA:24,1
DA:32,1
LF:4
LH:4
BRF:0
BRH:0
end_of_record
